<?xml version="1.0" encoding="UTF-8"?>
<!-- Generated by org.testng.reporters.JUnitReportReporter -->
<testsuite skipped="0" hostname="DESKTOP-U0D22PI" name="com.automation.test.testcases.demo.web.api.WebAPIDemo" tests="3" failures="0" timestamp="08 May 2020 08:33:04 GMT" time="11.629" errors="0">
  <testcase name="tc003_VerifyGetPostObjectByIdSuccessfully" time="4.212" classname="com.automation.test.testcases.demo.web.api.WebAPIDemo"/>
  <testcase name="tc003_VerifyGetPostObjectByIdSuccessfully" time="4.964" classname="com.automation.test.testcases.demo.web.api.WebAPIDemo"/>
  <testcase name="tc004_VerifyCreateNewPostObjectSuccessfully" time="2.453" classname="com.automation.test.testcases.demo.web.api.WebAPIDemo"/>
</testsuite> <!-- com.automation.test.testcases.demo.web.api.WebAPIDemo -->
